c:\users\all user\source\repos\clover\clover\x64\debug\vc142.pdb
c:\users\all user\source\repos\clover\clover\x64\debug\vc142.idb
c:\users\all user\source\repos\clover\clover\x64\debug\window.obj
c:\users\all user\source\repos\clover\clover\x64\debug\store.obj
c:\users\all user\source\repos\clover\clover\x64\debug\event_system.obj
c:\users\all user\source\repos\clover\clover\x64\debug\base_component.obj
c:\users\all user\source\repos\clover\clover\x64\debug\main.obj
c:\users\all user\source\repos\clover\clover\x64\debug\glfunc.obj
c:\users\all user\source\repos\clover\x64\debug\clover.exe
c:\users\all user\source\repos\clover\x64\debug\clover.ilk
c:\users\all user\source\repos\clover\x64\debug\clover.pdb
c:\users\all user\source\repos\clover\clover\x64\debug\clover.tlog\cl.command.1.tlog
c:\users\all user\source\repos\clover\clover\x64\debug\clover.tlog\cl.read.1.tlog
c:\users\all user\source\repos\clover\clover\x64\debug\clover.tlog\cl.write.1.tlog
c:\users\all user\source\repos\clover\clover\x64\debug\clover.tlog\link.10512-cvtres.read.1.tlog
c:\users\all user\source\repos\clover\clover\x64\debug\clover.tlog\link.10512-cvtres.write.1.tlog
c:\users\all user\source\repos\clover\clover\x64\debug\clover.tlog\link.10512-rc.read.1.tlog
c:\users\all user\source\repos\clover\clover\x64\debug\clover.tlog\link.10512-rc.write.1.tlog
c:\users\all user\source\repos\clover\clover\x64\debug\clover.tlog\link.10512.read.1.tlog
c:\users\all user\source\repos\clover\clover\x64\debug\clover.tlog\link.10512.write.1.tlog
c:\users\all user\source\repos\clover\clover\x64\debug\clover.tlog\link.command.1.tlog
c:\users\all user\source\repos\clover\clover\x64\debug\clover.tlog\link.read.1.tlog
c:\users\all user\source\repos\clover\clover\x64\debug\clover.tlog\link.write.1.tlog
